<?xml version="1.0" encoding="UTF-8"?>
<!-- Generated by org.testng.reporters.JUnitReportReporter -->
<testsuite hostname="DESKTOP-NPJ0122" failures="0" tests="15" name="org.ictkerala.website.Test_Class" time="25.913" errors="0" timestamp="2024-02-13T13:54:23 IST" skipped="0">
  <testcase classname="org.ictkerala.website.Test_Class" name="TC_H11" time="0.189"/>
  <testcase classname="org.ictkerala.website.Test_Class" name="TC_H21" time="1.551"/>
  <testcase classname="org.ictkerala.website.Test_Class" name="TC_H31" time="1.944"/>
  <testcase classname="org.ictkerala.website.Test_Class" name="TC_H32" time="1.428"/>
  <testcase classname="org.ictkerala.website.Test_Class" name="TC_H33" time="1.543"/>
  <testcase classname="org.ictkerala.website.Test_Class" name="TC_H34" time="0.220"/>
  <testcase classname="org.ictkerala.website.Test_Class" name="TC_H35" time="0.337"/>
  <testcase classname="org.ictkerala.website.Test_Class" name="TC_H36" time="0.656"/>
  <testcase classname="org.ictkerala.website.Test_Class" name="TC_H41" time="5.327"/>
  <testcase classname="org.ictkerala.website.Test_Class" name="TC_H51" time="1.371"/>
  <testcase classname="org.ictkerala.website.Test_Class" name="TC_H52" time="2.699"/>
  <testcase classname="org.ictkerala.website.Test_Class" name="TC_H53" time="2.252"/>
  <testcase classname="org.ictkerala.website.Test_Class" name="TC_H54" time="2.021"/>
  <testcase classname="org.ictkerala.website.Test_Class" name="TC_H55" time="3.298"/>
  <testcase classname="org.ictkerala.website.Test_Class" name="TC_LG" time="1.077"/>
</testsuite> <!-- org.ictkerala.website.Test_Class -->
