<?xml version="1.0" encoding="UTF-8"?>
<!-- Generated by org.testng.reporters.JUnitReportReporter -->
<testsuite hostname="DESKTOP-NPJ0122" failures="0" tests="12" name="org.ictkerala.website.Test_ClassCrs" time="18.179" errors="0" timestamp="2024-02-13T13:54:23 IST" skipped="0">
  <testcase classname="org.ictkerala.website.Test_ClassCrs" name="TC_C61" time="3.247"/>
  <testcase classname="org.ictkerala.website.Test_ClassCrs" name="TC_C71" time="1.164"/>
  <testcase classname="org.ictkerala.website.Test_ClassCrs" name="TC_C72" time="1.595"/>
  <testcase classname="org.ictkerala.website.Test_ClassCrs" name="TC_C73" time="1.463"/>
  <testcase classname="org.ictkerala.website.Test_ClassCrs" name="TC_C74" time="1.413"/>
  <testcase classname="org.ictkerala.website.Test_ClassCrs" name="TC_C75" time="1.533"/>
  <testcase classname="org.ictkerala.website.Test_ClassCrs" name="TC_C81" time="6.812"/>
  <testcase classname="org.ictkerala.website.Test_ClassCrs" name="TC_C82" time="0.151"/>
  <testcase classname="org.ictkerala.website.Test_ClassCrs" name="TC_C83" time="0.209"/>
  <testcase classname="org.ictkerala.website.Test_ClassCrs" name="TC_C84" time="0.235"/>
  <testcase classname="org.ictkerala.website.Test_ClassCrs" name="TC_C85" time="0.181"/>
  <testcase classname="org.ictkerala.website.Test_ClassCrs" name="TC_C86" time="0.176"/>
</testsuite> <!-- org.ictkerala.website.Test_ClassCrs -->
